<?xml version="1.0" encoding="UTF-8"?>
<robot generator="Robot 7.3.2 (Python 3.13.3 on win32)" generated="2025-12-10T16:00:05.830071" rpa="false" schemaversion="5">
<suite id="s1" name="TC 01" source="C:\Users\Noor Ul Ain\PycharmProjects\Python-Robot-Framework\TestCases\TC_01.robot">
<test id="s1-t1" name="LoginTest" line="8">
<kw name="Open Browser" owner="SeleniumLibrary">
<msg time="2025-12-10T16:00:06.568881" level="INFO">Opening browser 'chrome' to base url 'https://automationteststore.com/'.</msg>
<arg>https://automationteststore.com/</arg>
<arg>chrome</arg>
<doc>Opens a new browser instance to the optional ``url``.</doc>
<status status="PASS" start="2025-12-10T16:00:06.555022" elapsed="7.604972"/>
</kw>
<kw name="Maximize Browser Window" owner="SeleniumLibrary">
<doc>Maximizes current browser window.</doc>
<status status="PASS" start="2025-12-10T16:00:14.255514" elapsed="0.490668"/>
</kw>
<kw name="Click Link" owner="SeleniumLibrary">
<msg time="2025-12-10T16:00:14.747850" level="INFO">Clicking link 'xpath://a[normalize-space()='Login or register']'.</msg>
<arg>xpath://a[normalize-space()='Login or register']</arg>
<doc>Clicks a link identified by ``locator``.</doc>
<status status="PASS" start="2025-12-10T16:00:14.746904" elapsed="1.746194"/>
</kw>
<kw name="Input Text" owner="SeleniumLibrary">
<msg time="2025-12-10T16:00:16.494086" level="INFO">Typing text 'Test_Website' into text field 'id:loginFrm_loginname'.</msg>
<arg>id:loginFrm_loginname</arg>
<arg>Test_Website</arg>
<doc>Types the given ``text`` into the text field identified by ``locator``.</doc>
<status status="PASS" start="2025-12-10T16:00:16.493610" elapsed="0.149433"/>
</kw>
<kw name="Input Text" owner="SeleniumLibrary">
<msg time="2025-12-10T16:00:16.643740" level="INFO">Typing text 'saba70/8' into text field 'id:loginFrm_password'.</msg>
<arg>id:loginFrm_password</arg>
<arg>saba70/8</arg>
<doc>Types the given ``text`` into the text field identified by ``locator``.</doc>
<status status="PASS" start="2025-12-10T16:00:16.643458" elapsed="0.099501"/>
</kw>
<kw name="Click Element" owner="SeleniumLibrary">
<msg time="2025-12-10T16:00:16.743721" level="INFO">Clicking element 'xpath:(//button[normalize-space()='Login'])[1]'.</msg>
<arg>xpath:(//button[normalize-space()='Login'])[1]</arg>
<doc>Click the element identified by ``locator``.</doc>
<status status="PASS" start="2025-12-10T16:00:16.743399" elapsed="0.827713"/>
</kw>
<kw name="Close Browser" owner="SeleniumLibrary">
<doc>Closes the current browser.</doc>
<status status="PASS" start="2025-12-10T16:00:17.571684" elapsed="2.247075"/>
</kw>
<status status="PASS" start="2025-12-10T16:00:06.553051" elapsed="13.266400"/>
</test>
<status status="PASS" start="2025-12-10T16:00:05.832944" elapsed="13.987773"/>
</suite>
<statistics>
<total>
<stat pass="1" fail="0" skip="0">All Tests</stat>
</total>
<tag>
</tag>
<suite>
<stat name="TC 01" id="s1" pass="1" fail="0" skip="0">TC 01</stat>
</suite>
</statistics>
<errors>
</errors>
</robot>
